0 verbose cli C:\Program Files\nodejs\node.exe C:\Users\Usuario\AppData\Roaming\npm\node_modules\npm\bin\npm-cli.js
1 info using npm@10.9.1
2 info using node@v20.17.0
3 silly config load:file:C:\Users\Usuario\AppData\Roaming\npm\node_modules\npm\npmrc
4 silly config load:file:C:\xampp\htdocs\credenciamento-backend\.npmrc
5 silly config load:file:C:\Users\Usuario\.npmrc
6 silly config load:file:C:\Users\Usuario\AppData\Roaming\npm\etc\npmrc
7 verbose title npm install typescript @types/react @types/node
8 verbose argv "install" "--save-dev" "typescript" "@types/react" "@types/node"
9 verbose logfile logs-max:10 dir:C:\xampp\htdocs\credenciamento-backend\npm-cache\_logs\2024-12-01T11_22_27_228Z-
10 verbose logfile C:\xampp\htdocs\credenciamento-backend\npm-cache\_logs\2024-12-01T11_22_27_228Z-debug-0.log
11 silly logfile done cleaning log files
12 silly packumentCache heap:4345298944 maxSize:1086324736 maxEntrySize:543162368
13 silly idealTree buildDeps
14 silly fetch manifest typescript@*
15 silly packumentCache full:https://registry.npmjs.org/typescript cache-miss
16 http fetch GET 200 https://registry.npmjs.org/typescript 519ms (cache miss)
17 silly packumentCache full:https://registry.npmjs.org/typescript set size:undefined disposed:false
18 silly fetch manifest @types/react@*
19 silly packumentCache full:https://registry.npmjs.org/@types%2freact cache-miss
20 http fetch GET 200 https://registry.npmjs.org/@types%2freact 77ms (cache miss)
21 silly packumentCache full:https://registry.npmjs.org/@types%2freact set size:undefined disposed:false
22 silly fetch manifest @types/node@*
23 silly packumentCache full:https://registry.npmjs.org/@types%2fnode cache-miss
24 http fetch GET 200 https://registry.npmjs.org/@types%2fnode 166ms (cache miss)
25 silly packumentCache full:https://registry.npmjs.org/@types%2fnode set size:undefined disposed:false
26 silly placeDep ROOT @types/node@22.10.1 OK for: credenciamento_node@1.0.0 want: *
27 silly placeDep ROOT @types/react@18.3.12 OK for: credenciamento_node@1.0.0 want: *
28 silly placeDep ROOT typescript@5.7.2 OK for: credenciamento_node@1.0.0 want: *
29 silly fetch manifest undici-types@~6.20.0
30 silly packumentCache full:https://registry.npmjs.org/undici-types cache-miss
31 silly fetch manifest csstype@^3.0.2
32 silly packumentCache full:https://registry.npmjs.org/csstype cache-miss
33 silly fetch manifest @types/prop-types@*
34 silly packumentCache full:https://registry.npmjs.org/@types%2fprop-types cache-miss
35 http fetch GET 200 https://registry.npmjs.org/undici-types 62ms (cache miss)
36 silly packumentCache full:https://registry.npmjs.org/undici-types set size:undefined disposed:false
37 http fetch GET 200 https://registry.npmjs.org/@types%2fprop-types 142ms (cache miss)
38 silly packumentCache full:https://registry.npmjs.org/@types%2fprop-types set size:undefined disposed:false
39 http fetch GET 200 https://registry.npmjs.org/csstype 147ms (cache miss)
40 silly packumentCache full:https://registry.npmjs.org/csstype set size:undefined disposed:false
41 silly placeDep ROOT undici-types@6.20.0 OK for: @types/node@22.10.1 want: ~6.20.0
42 silly placeDep ROOT @types/prop-types@15.7.13 OK for: @types/react@18.3.12 want: *
43 silly placeDep ROOT csstype@3.1.3 OK for: @types/react@18.3.12 want: ^3.0.2
44 silly reify moves {}
45 silly audit bulk request {
45 silly audit   '@aws-crypto/crc32': [ '5.2.0' ],
45 silly audit   '@aws-crypto/crc32c': [ '5.2.0' ],
45 silly audit   '@aws-crypto/sha1-browser': [ '5.2.0' ],
45 silly audit   '@smithy/is-array-buffer': [ '2.2.0', '3.0.0' ],
45 silly audit   '@smithy/util-buffer-from': [ '2.2.0', '3.0.0' ],
45 silly audit   '@smithy/util-utf8': [ '2.3.0', '3.0.0' ],
45 silly audit   '@aws-crypto/sha256-browser': [ '5.2.0' ],
45 silly audit   '@aws-crypto/sha256-js': [ '5.2.0' ],
45 silly audit   '@aws-crypto/supports-web-crypto': [ '5.2.0' ],
45 silly audit   '@aws-crypto/util': [ '5.2.0' ],
45 silly audit   '@aws-sdk/client-s3': [ '3.701.0' ],
45 silly audit   '@aws-sdk/client-sso': [ '3.696.0' ],
45 silly audit   '@aws-sdk/client-sso-oidc': [ '3.699.0' ],
45 silly audit   '@aws-sdk/client-sts': [ '3.699.0' ],
45 silly audit   '@aws-sdk/core': [ '3.696.0' ],
45 silly audit   '@aws-sdk/credential-provider-env': [ '3.696.0' ],
45 silly audit   '@aws-sdk/credential-provider-http': [ '3.696.0' ],
45 silly audit   '@aws-sdk/credential-provider-ini': [ '3.699.0' ],
45 silly audit   '@aws-sdk/credential-provider-node': [ '3.699.0' ],
45 silly audit   '@aws-sdk/credential-provider-process': [ '3.696.0' ],
45 silly audit   '@aws-sdk/credential-provider-sso': [ '3.699.0' ],
45 silly audit   '@aws-sdk/credential-provider-web-identity': [ '3.696.0' ],
45 silly audit   '@aws-sdk/middleware-bucket-endpoint': [ '3.696.0' ],
45 silly audit   '@aws-sdk/middleware-expect-continue': [ '3.696.0' ],
45 silly audit   '@aws-sdk/middleware-flexible-checksums': [ '3.701.0' ],
45 silly audit   '@aws-sdk/middleware-host-header': [ '3.696.0' ],
45 silly audit   '@aws-sdk/middleware-location-constraint': [ '3.696.0' ],
45 silly audit   '@aws-sdk/middleware-logger': [ '3.696.0' ],
45 silly audit   '@aws-sdk/middleware-recursion-detection': [ '3.696.0' ],
45 silly audit   '@aws-sdk/middleware-sdk-s3': [ '3.696.0' ],
45 silly audit   '@aws-sdk/middleware-ssec': [ '3.696.0' ],
45 silly audit   '@aws-sdk/middleware-user-agent': [ '3.696.0' ],
45 silly audit   '@aws-sdk/region-config-resolver': [ '3.696.0' ],
45 silly audit   '@aws-sdk/signature-v4-multi-region': [ '3.696.0' ],
45 silly audit   '@aws-sdk/token-providers': [ '3.699.0' ],
45 silly audit   '@aws-sdk/types': [ '3.696.0' ],
45 silly audit   '@aws-sdk/util-arn-parser': [ '3.693.0' ],
45 silly audit   '@aws-sdk/util-endpoints': [ '3.696.0' ],
45 silly audit   '@aws-sdk/util-locate-window': [ '3.693.0' ],
45 silly audit   '@aws-sdk/util-user-agent-browser': [ '3.696.0' ],
45 silly audit   '@aws-sdk/util-user-agent-node': [ '3.696.0' ],
45 silly audit   '@aws-sdk/xml-builder': [ '3.696.0' ],
45 silly audit   '@hapi/hoek': [ '9.3.0' ],
45 silly audit   '@hapi/topo': [ '5.1.0' ],
45 silly audit   '@prisma/client': [ '6.0.0' ],
45 silly audit   '@prisma/debug': [ '6.0.0' ],
45 silly audit   '@prisma/engines': [ '6.0.0' ],
45 silly audit   '@prisma/engines-version': [ '5.23.0-27.5dbef10bdbfb579e07d35cc85fb1518d357cb99e' ],
45 silly audit   '@prisma/fetch-engine': [ '6.0.0' ],
45 silly audit   '@prisma/get-platform': [ '6.0.0' ],
45 silly audit   '@sideway/address': [ '4.1.5' ],
45 silly audit   '@sideway/formula': [ '3.0.1' ],
45 silly audit   '@sideway/pinpoint': [ '2.0.0' ],
45 silly audit   '@smithy/abort-controller': [ '3.1.8' ],
45 silly audit   '@smithy/chunked-blob-reader': [ '4.0.0' ],
45 silly audit   '@smithy/chunked-blob-reader-native': [ '3.0.1' ],
45 silly audit   '@smithy/config-resolver': [ '3.0.12' ],
45 silly audit   '@smithy/core': [ '2.5.4' ],
45 silly audit   '@smithy/credential-provider-imds': [ '3.2.7' ],
45 silly audit   '@smithy/eventstream-codec': [ '3.1.9' ],
45 silly audit   '@smithy/eventstream-serde-browser': [ '3.0.13' ],
45 silly audit   '@smithy/eventstream-serde-config-resolver': [ '3.0.10' ],
45 silly audit   '@smithy/eventstream-serde-node': [ '3.0.12' ],
45 silly audit   '@smithy/eventstream-serde-universal': [ '3.0.12' ],
45 silly audit   '@smithy/fetch-http-handler': [ '4.1.1' ],
45 silly audit   '@smithy/hash-blob-browser': [ '3.1.9' ],
45 silly audit   '@smithy/hash-node': [ '3.0.10' ],
45 silly audit   '@smithy/hash-stream-node': [ '3.1.9' ],
45 silly audit   '@smithy/invalid-dependency': [ '3.0.10' ],
45 silly audit   '@smithy/md5-js': [ '3.0.10' ],
45 silly audit   '@smithy/middleware-content-length': [ '3.0.12' ],
45 silly audit   '@smithy/middleware-endpoint': [ '3.2.4' ],
45 silly audit   '@smithy/middleware-retry': [ '3.0.28' ],
45 silly audit   '@smithy/middleware-serde': [ '3.0.10' ],
45 silly audit   '@smithy/middleware-stack': [ '3.0.10' ],
45 silly audit   '@smithy/node-config-provider': [ '3.1.11' ],
45 silly audit   '@smithy/node-http-handler': [ '3.3.1' ],
45 silly audit   '@smithy/property-provider': [ '3.1.10' ],
45 silly audit   '@smithy/protocol-http': [ '4.1.7' ],
45 silly audit   '@smithy/querystring-builder': [ '3.0.10' ],
45 silly audit   '@smithy/querystring-parser': [ '3.0.10' ],
45 silly audit   '@smithy/service-error-classification': [ '3.0.10' ],
45 silly audit   '@smithy/shared-ini-file-loader': [ '3.1.11' ],
45 silly audit   '@smithy/signature-v4': [ '4.2.3' ],
45 silly audit   '@smithy/smithy-client': [ '3.4.5' ],
45 silly audit   '@smithy/types': [ '3.7.1' ],
45 silly audit   '@smithy/url-parser': [ '3.0.10' ],
45 silly audit   '@smithy/util-base64': [ '3.0.0' ],
45 silly audit   '@smithy/util-body-length-browser': [ '3.0.0' ],
45 silly audit   '@smithy/util-body-length-node': [ '3.0.0' ],
45 silly audit   '@smithy/util-config-provider': [ '3.0.0' ],
45 silly audit   '@smithy/util-defaults-mode-browser': [ '3.0.28' ],
45 silly audit   '@smithy/util-defaults-mode-node': [ '3.0.28' ],
45 silly audit   '@smithy/util-endpoints': [ '2.1.6' ],
45 silly audit   '@smithy/util-hex-encoding': [ '3.0.0' ],
45 silly audit   '@smithy/util-middleware': [ '3.0.10' ],
45 silly audit   '@smithy/util-retry': [ '3.0.10' ],
45 silly audit   '@smithy/util-stream': [ '3.3.1' ],
45 silly audit   '@smithy/util-uri-escape': [ '3.0.0' ],
45 silly audit   '@smithy/util-waiter': [ '3.1.9' ],
45 silly audit   accepts: [ '1.3.8' ],
45 silly audit   'ansi-regex': [ '5.0.1' ],
45 silly audit   anymatch: [ '3.1.3' ],
45 silly audit   'append-field': [ '1.0.0' ],
45 silly audit   'array-flatten': [ '1.1.1' ],
45 silly audit   asynckit: [ '0.4.0' ],
45 silly audit   'atomic-sleep': [ '1.0.0' ],
45 silly audit   axios: [ '1.7.8' ],
45 silly audit   'balanced-match': [ '1.0.2' ],
45 silly audit   bcryptjs: [ '2.4.3' ],
45 silly audit   'binary-extensions': [ '2.3.0' ],
45 silly audit   'body-parser': [ '1.20.3' ],
45 silly audit   bowser: [ '2.11.0' ],
45 silly audit   'brace-expansion': [ '1.1.11' ],
45 silly audit   braces: [ '3.0.3' ],
45 silly audit   'buffer-equal-constant-time': [ '1.0.1' ],
45 silly audit   'buffer-from': [ '1.1.2' ],
45 silly audit   busboy: [ '1.6.0' ],
45 silly audit   bytes: [ '3.1.2' ],
45 silly audit   'call-bind': [ '1.0.7' ],
45 silly audit   chokidar: [ '3.6.0' ],
45 silly audit   'cli-progress': [ '3.12.0' ],
45 silly audit   'combined-stream': [ '1.0.8' ],
45 silly audit   'concat-map': [ '0.0.1' ],
45 silly audit   'concat-stream': [ '1.6.2' ],
45 silly audit   'content-disposition': [ '0.5.4' ],
45 silly audit   'content-type': [ '1.0.5' ],
45 silly audit   cookie: [ '0.7.2', '0.7.1' ],
45 silly audit   'cookie-parser': [ '1.4.7' ],
45 silly audit   'cookie-signature': [ '1.0.6' ],
45 silly audit   'core-util-is': [ '1.0.3' ],
45 silly audit   cors: [ '2.8.5' ],
45 silly audit   'data-uri-to-buffer': [ '4.0.1' ],
45 silly audit   debug: [ '2.6.9', '4.3.7' ],
45 silly audit   'define-data-property': [ '1.1.4' ],
45 silly audit   'delayed-stream': [ '1.0.0' ],
45 silly audit   depd: [ '2.0.0' ],
45 silly audit   destroy: [ '1.2.0' ],
45 silly audit   dotenv: [ '16.4.5' ],
45 silly audit   'ecdsa-sig-formatter': [ '1.0.11' ],
45 silly audit   'ee-first': [ '1.1.1' ],
45 silly audit   'emoji-regex': [ '8.0.0' ],
45 silly audit   encodeurl: [ '2.0.0', '1.0.2' ],
45 silly audit   'es-define-property': [ '1.0.0' ],
45 silly audit   'es-errors': [ '1.3.0' ],
45 silly audit   'escape-html': [ '1.0.3' ],
45 silly audit   etag: [ '1.8.1' ],
45 silly audit   express: [ '4.21.1' ],
45 silly audit   'express-rate-limit': [ '7.4.1' ],
45 silly audit   'fast-redact': [ '3.5.0' ],
45 silly audit   'fast-xml-parser': [ '4.4.1' ],
45 silly audit   'fetch-blob': [ '3.2.0' ],
45 silly audit   'fill-range': [ '7.1.1' ],
45 silly audit   finalhandler: [ '1.3.1' ],
45 silly audit   'follow-redirects': [ '1.15.9' ],
45 silly audit   'form-data': [ '4.0.1' ],
45 silly audit   'formdata-polyfill': [ '4.0.10' ],
45 silly audit   forwarded: [ '0.2.0' ],
45 silly audit   fresh: [ '0.5.2' ],
45 silly audit   'fs-extra': [ '11.2.0' ],
45 silly audit   fsevents: [ '2.3.3' ],
45 silly audit   'function-bind': [ '1.1.2' ],
45 silly audit   'get-intrinsic': [ '1.2.4' ],
45 silly audit   'glob-parent': [ '5.1.2' ],
45 silly audit   gopd: [ '1.1.0' ],
45 silly audit   'graceful-fs': [ '4.2.11' ],
45 silly audit   'has-flag': [ '3.0.0' ],
45 silly audit   'has-property-descriptors': [ '1.0.2' ],
45 silly audit   'has-proto': [ '1.0.3' ],
45 silly audit   'has-symbols': [ '1.0.3' ],
45 silly audit   hasown: [ '2.0.2' ],
45 silly audit   'http-errors': [ '2.0.0' ],
45 silly audit   'iconv-lite': [ '0.4.24' ],
45 silly audit   'ignore-by-default': [ '1.0.1' ],
45 silly audit   inherits: [ '2.0.4' ],
45 silly audit   'ipaddr.js': [ '1.9.1' ],
45 silly audit   'is-binary-path': [ '2.1.0' ],
45 silly audit   'is-extglob': [ '2.1.1' ],
45 silly audit   'is-fullwidth-code-point': [ '3.0.0' ],
45 silly audit   'is-glob': [ '4.0.3' ],
45 silly audit   'is-number': [ '7.0.0' ],
45 silly audit   isarray: [ '1.0.0' ],
45 silly audit   joi: [ '17.13.3' ],
45 silly audit   jsonfile: [ '6.1.0' ],
45 silly audit   jsonwebtoken: [ '9.0.2' ],
45 silly audit   ms: [ '2.1.3', '2.0.0' ],
45 silly audit   jwa: [ '1.4.1' ],
45 silly audit   jws: [ '3.2.2' ],
45 silly audit   'lodash.includes': [ '4.3.0' ],
45 silly audit   'lodash.isboolean': [ '3.0.3' ],
45 silly audit   'lodash.isinteger': [ '4.0.4' ],
45 silly audit   'lodash.isnumber': [ '3.0.3' ],
45 silly audit   'lodash.isplainobject': [ '4.0.6' ],
45 silly audit   'lodash.isstring': [ '4.0.1' ],
45 silly audit   'lodash.once': [ '4.1.1' ],
45 silly audit   'media-typer': [ '0.3.0' ],
45 silly audit   'merge-descriptors': [ '1.0.3' ],
45 silly audit   methods: [ '1.1.2' ],
45 silly audit   mime: [ '1.6.0' ],
45 silly audit   'mime-db': [ '1.52.0' ],
45 silly audit   'mime-types': [ '2.1.35' ],
45 silly audit   minimatch: [ '3.1.2' ],
45 silly audit   minimist: [ '1.2.8' ],
45 silly audit   mkdirp: [ '0.5.6' ],
45 silly audit   multer: [ '1.4.5-lts.1' ],
45 silly audit   negotiator: [ '0.6.3' ],
45 silly audit   'node-domexception': [ '1.0.0' ],
45 silly audit   'node-fetch': [ '3.3.2' ],
45 silly audit   nodemailer: [ '6.9.16' ],
45 silly audit   nodemon: [ '3.1.7' ],
45 silly audit   'normalize-path': [ '3.0.0' ],
45 silly audit   'object-assign': [ '4.1.1' ],
45 silly audit   'object-inspect': [ '1.13.3' ],
45 silly audit   'on-exit-leak-free': [ '2.1.2' ],
45 silly audit   'on-finished': [ '2.4.1' ],
45 silly audit   parseurl: [ '1.3.3' ],
45 silly audit   'path-to-regexp': [ '0.1.10' ],
45 silly audit   picomatch: [ '2.3.1' ],
45 silly audit   pino: [ '9.5.0' ],
45 silly audit   'pino-abstract-transport': [ '2.0.0' ],
45 silly audit   'pino-std-serializers': [ '7.0.0' ],
45 silly audit   prisma: [ '6.0.0' ],
45 silly audit   'process-nextick-args': [ '2.0.1' ],
45 silly audit   'process-warning': [ '4.0.0' ],
45 silly audit   'proxy-addr': [ '2.0.7' ],
45 silly audit   'proxy-from-env': [ '1.1.0' ],
45 silly audit   'pstree.remy': [ '1.1.8' ],
45 silly audit   qs: [ '6.13.0' ],
45 silly audit   'quick-format-unescaped': [ '4.0.4' ],
45 silly audit   'range-parser': [ '1.2.1' ],
45 silly audit   'raw-body': [ '2.5.2' ],
45 silly audit   'readable-stream': [ '2.3.8' ],
45 silly audit   'safe-buffer': [ '5.1.2', '5.2.1' ],
45 silly audit   readdirp: [ '3.6.0' ],
45 silly audit   'real-require': [ '0.2.0' ],
45 silly audit   'safe-stable-stringify': [ '2.5.0' ],
45 silly audit   'safer-buffer': [ '2.1.2' ],
45 silly audit   semver: [ '7.6.3' ],
45 silly audit   send: [ '0.19.0' ],
45 silly audit   'serve-static': [ '1.16.2' ],
45 silly audit   'set-function-length': [ '1.2.2' ],
45 silly audit   setprototypeof: [ '1.2.0' ],
45 silly audit   'side-channel': [ '1.0.6' ],
45 silly audit   'simple-update-notifier': [ '2.0.0' ],
45 silly audit   'sonic-boom': [ '4.2.0' ],
45 silly audit   split2: [ '4.2.0' ],
45 silly audit   statuses: [ '2.0.1' ],
45 silly audit   streamsearch: [ '1.1.0' ],
45 silly audit   string_decoder: [ '1.1.1' ],
45 silly audit   'string-width': [ '4.2.3' ],
45 silly audit   'strip-ansi': [ '6.0.1' ],
45 silly audit   strnum: [ '1.0.5' ],
45 silly audit   'supports-color': [ '5.5.0' ],
45 silly audit   'thread-stream': [ '3.1.0' ],
45 silly audit   'to-regex-range': [ '5.0.1' ],
45 silly audit   toidentifier: [ '1.0.1' ],
45 silly audit   touch: [ '3.1.1' ],
45 silly audit   tslib: [ '2.8.1' ],
45 silly audit   'type-is': [ '1.6.18' ],
45 silly audit   typedarray: [ '0.0.6' ],
45 silly audit   undefsafe: [ '2.0.5' ],
45 silly audit   universalify: [ '2.0.1' ],
45 silly audit   unpipe: [ '1.0.0' ],
45 silly audit   'util-deprecate': [ '1.0.2' ],
45 silly audit   'utils-merge': [ '1.0.1' ],
45 silly audit   uuid: [ '9.0.1' ],
45 silly audit   vary: [ '1.1.2' ],
45 silly audit   'web-streams-polyfill': [ '3.3.3' ],
45 silly audit   xtend: [ '4.0.2' ],
45 silly audit   '@types/node': [ '22.10.1' ],
45 silly audit   '@types/react': [ '18.3.12' ],
45 silly audit   typescript: [ '5.7.2' ],
45 silly audit   'undici-types': [ '6.20.0' ],
45 silly audit   '@types/prop-types': [ '15.7.13' ],
45 silly audit   csstype: [ '3.1.3' ]
45 silly audit }
46 verbose reify failed optional dependency C:\xampp\htdocs\credenciamento-backend\node_modules\fsevents
47 silly reify mark deleted [ 'C:\\xampp\\htdocs\\credenciamento-backend\\node_modules\\fsevents' ]
48 http cache csstype@https://registry.npmjs.org/csstype/-/csstype-3.1.3.tgz 0ms (cache hit)
49 http cache undici-types@https://registry.npmjs.org/undici-types/-/undici-types-6.20.0.tgz 0ms (cache hit)
50 http cache @types/prop-types@https://registry.npmjs.org/@types/prop-types/-/prop-types-15.7.13.tgz 0ms (cache hit)
51 http cache @types/react@https://registry.npmjs.org/@types/react/-/react-18.3.12.tgz 0ms (cache hit)
52 http cache typescript@https://registry.npmjs.org/typescript/-/typescript-5.7.2.tgz 0ms (cache hit)
53 http cache @types/node@https://registry.npmjs.org/@types/node/-/node-22.10.1.tgz 0ms (cache hit)
54 silly tarball no local data for csstype@https://registry.npmjs.org/csstype/-/csstype-3.1.3.tgz. Extracting by manifest.
55 silly tarball no local data for undici-types@https://registry.npmjs.org/undici-types/-/undici-types-6.20.0.tgz. Extracting by manifest.
56 silly tarball no local data for @types/prop-types@https://registry.npmjs.org/@types/prop-types/-/prop-types-15.7.13.tgz. Extracting by manifest.
57 silly tarball no local data for @types/react@https://registry.npmjs.org/@types/react/-/react-18.3.12.tgz. Extracting by manifest.
58 silly tarball no local data for typescript@https://registry.npmjs.org/typescript/-/typescript-5.7.2.tgz. Extracting by manifest.
59 silly tarball no local data for @types/node@https://registry.npmjs.org/@types/node/-/node-22.10.1.tgz. Extracting by manifest.
60 http fetch GET 200 https://registry.npmjs.org/@types/prop-types/-/prop-types-15.7.13.tgz 148ms (cache miss)
61 http fetch GET 200 https://registry.npmjs.org/csstype/-/csstype-3.1.3.tgz 184ms (cache miss)
62 http fetch GET 200 https://registry.npmjs.org/undici-types/-/undici-types-6.20.0.tgz 245ms (cache miss)
63 http fetch GET 200 https://registry.npmjs.org/@types/react/-/react-18.3.12.tgz 282ms (cache miss)
64 http fetch GET 200 https://registry.npmjs.org/@types/node/-/node-22.10.1.tgz 532ms (cache miss)
65 http fetch GET 200 https://registry.npmjs.org/typescript/-/typescript-5.7.2.tgz 904ms (cache miss)
66 http fetch POST 200 https://registry.npmjs.org/-/npm/v1/security/advisories/bulk 943ms
67 silly audit report {}
68 silly ADD node_modules/csstype
69 silly ADD node_modules/@types/prop-types
70 silly ADD node_modules/undici-types
71 silly ADD node_modules/typescript
72 silly ADD node_modules/@types/react
73 silly ADD node_modules/@types/node
74 silly ADD
75 verbose cwd C:\xampp\htdocs\credenciamento-backend
76 verbose os Windows_NT 10.0.19045
77 verbose node v20.17.0
78 verbose npm  v10.9.1
79 verbose exit 0
80 info ok
